
Circuit 1 cell sky130_fd_pr__pfet_01v8 and Circuit 2 cell sky130_fd_pr__pfet_01v8 are black boxes.
Warning: Equate pins:  cell sky130_fd_pr__pfet_01v8 is a placeholder, treated as a black box.
Warning: Equate pins:  cell sky130_fd_pr__pfet_01v8 is a placeholder, treated as a black box.

Subcircuit pins:
Circuit 1: sky130_fd_pr__pfet_01v8         |Circuit 2: sky130_fd_pr__pfet_01v8         
-------------------------------------------|-------------------------------------------
1                                          |1                                          
2                                          |2                                          
3                                          |3                                          
4                                          |4                                          
---------------------------------------------------------------------------------------
Cell pin lists are equivalent.
Device classes sky130_fd_pr__pfet_01v8 and sky130_fd_pr__pfet_01v8 are equivalent.
Flattening unmatched subcell sky130_fd_pr__pfet_01v8_VQXX7L in circuit PMOS67 (0)(4 instances)
Flattening unmatched subcell sky130_fd_pr__pfet_01v8_2XUZHN in circuit PMOS67 (0)(4 instances)

Class PMOS67 (0):  Merged 8 parallel devices.
Subcircuit summary:
Circuit 1: PMOS67                          |Circuit 2: PMOS67                          
-------------------------------------------|-------------------------------------------
sky130_fd_pr__pfet_01v8 (12->4)            |sky130_fd_pr__pfet_01v8 (16->4)            
Number of devices: 4                       |Number of devices: 4                       
Number of nets: 6                          |Number of nets: 6                          
---------------------------------------------------------------------------------------
Resolving symmetries by property value.
Resolving symmetries by pin name.
Netlists match uniquely with property errors.
sky130_fd_pr__pfet_01v8_2XUZHN_1/sky130_fd_pr__pfet_01v8:0 vs. sky130_fd_pr__pfet_01v8:M1:
 l circuit1: 0.15   circuit2: 0.5   (delta=108%, cutoff=1%)
 w circuit1: 2   circuit2: 4   (delta=66.7%, cutoff=1%)
sky130_fd_pr__pfet_01v8_2XUZHN_0/sky130_fd_pr__pfet_01v8:0 vs. sky130_fd_pr__pfet_01v8:M2:
 l circuit1: 0.15   circuit2: 0.5   (delta=108%, cutoff=1%)
 w circuit1: 2   circuit2: 4   (delta=66.7%, cutoff=1%)

Subcircuit pins:
Circuit 1: PMOS67                          |Circuit 2: PMOS67                          
-------------------------------------------|-------------------------------------------
VIN                                        |VIN                                        
VIP                                        |VIP                                        
S                                          |S                                          
VDD                                        |VDD                                        
OUT                                        |OUT                                        
D6                                         |D6                                         
---------------------------------------------------------------------------------------
Cell pin lists are equivalent.
Device classes PMOS67 and PMOS67 are equivalent.

Final result: Circuits match uniquely.
Property errors were found.

The following cells had property errors:
 PMOS67
