
Circuit 1 cell sky130_fd_pr__nfet_01v8 and Circuit 2 cell sky130_fd_pr__nfet_01v8 are black boxes.
Warning: Equate pins:  cell sky130_fd_pr__nfet_01v8 is a placeholder, treated as a black box.
Warning: Equate pins:  cell sky130_fd_pr__nfet_01v8 is a placeholder, treated as a black box.

Subcircuit pins:
Circuit 1: sky130_fd_pr__nfet_01v8         |Circuit 2: sky130_fd_pr__nfet_01v8         
-------------------------------------------|-------------------------------------------
1                                          |1                                          
2                                          |2                                          
3                                          |3                                          
4                                          |4                                          
---------------------------------------------------------------------------------------
Cell pin lists are equivalent.
Device classes sky130_fd_pr__nfet_01v8 and sky130_fd_pr__nfet_01v8 are equivalent.
Flattening unmatched subcell sky130_fd_pr__nfet_01v8_8UMB6F in circuit NMOS34 (0)(2 instances)
Flattening unmatched subcell sky130_fd_pr__nfet_01v8_TC9PLT in circuit NMOS34 (0)(4 instances)

Class NMOS34 (0):  Merged 4 parallel devices.
Subcircuit summary:
Circuit 1: NMOS34                          |Circuit 2: NMOS34                          
-------------------------------------------|-------------------------------------------
sky130_fd_pr__nfet_01v8 (8->4)             |sky130_fd_pr__nfet_01v8 (12->4)            
Number of devices: 4                       |Number of devices: 4                       
Number of nets: 4                          |Number of nets: 4                          
---------------------------------------------------------------------------------------
Netlists match uniquely with property errors.
sky130_fd_pr__nfet_01v8_TC9PLT_0/sky130_fd_pr__nfet_01v8:0 vs. sky130_fd_pr__nfet_01v8:M8:
 l circuit1: 0.15   circuit2: 0.8   (delta=137%, cutoff=1%)
sky130_fd_pr__nfet_01v8_TC9PLT_1/sky130_fd_pr__nfet_01v8:0 vs. sky130_fd_pr__nfet_01v8:M9:
 l circuit1: 0.15   circuit2: 0.8   (delta=137%, cutoff=1%)

Subcircuit pins:
Circuit 1: NMOS34                          |Circuit 2: NMOS34                          
-------------------------------------------|-------------------------------------------
RS                                         |RS                                         
GND                                        |GND                                        
D4                                         |D4                                         
D3                                         |D3                                         
---------------------------------------------------------------------------------------
Cell pin lists are equivalent.
Device classes NMOS34 and NMOS34 are equivalent.

Final result: Circuits match uniquely.
Property errors were found.

The following cells had property errors:
 NMOS34
