
Circuit 1 cell sky130_fd_pr__nfet_01v8 and Circuit 2 cell sky130_fd_pr__nfet_01v8 are black boxes.
Warning: Equate pins:  cell sky130_fd_pr__nfet_01v8 is a placeholder, treated as a black box.
Warning: Equate pins:  cell sky130_fd_pr__nfet_01v8 is a placeholder, treated as a black box.

Subcircuit pins:
Circuit 1: sky130_fd_pr__nfet_01v8         |Circuit 2: sky130_fd_pr__nfet_01v8         
-------------------------------------------|-------------------------------------------
1                                          |1                                          
2                                          |2                                          
3                                          |3                                          
4                                          |4                                          
---------------------------------------------------------------------------------------
Cell pin lists are equivalent.
Device classes sky130_fd_pr__nfet_01v8 and sky130_fd_pr__nfet_01v8 are equivalent.

Circuit 1 cell sky130_fd_pr__pfet_01v8 and Circuit 2 cell sky130_fd_pr__pfet_01v8 are black boxes.
Warning: Equate pins:  cell sky130_fd_pr__pfet_01v8 is a placeholder, treated as a black box.
Warning: Equate pins:  cell sky130_fd_pr__pfet_01v8 is a placeholder, treated as a black box.

Subcircuit pins:
Circuit 1: sky130_fd_pr__pfet_01v8         |Circuit 2: sky130_fd_pr__pfet_01v8         
-------------------------------------------|-------------------------------------------
1                                          |1                                          
2                                          |2                                          
3                                          |3                                          
4                                          |4                                          
---------------------------------------------------------------------------------------
Cell pin lists are equivalent.
Device classes sky130_fd_pr__pfet_01v8 and sky130_fd_pr__pfet_01v8 are equivalent.
Flattening unmatched subcell sky130_fd_pr__nfet_01v8_5MNGEB in circuit NMOS89 (0)(4 instances)
Flattening unmatched subcell sky130_fd_pr__nfet_01v8_6H9P4D in circuit NMOS89 (0)(4 instances)

Class NMOS89 (0):  Merged 8 parallel devices.
Subcircuit summary:
Circuit 1: NMOS89                          |Circuit 2: NMOS89                          
-------------------------------------------|-------------------------------------------
sky130_fd_pr__nfet_01v8 (12->4)            |sky130_fd_pr__nfet_01v8 (16->4)            
Number of devices: 4                       |Number of devices: 4                       
Number of nets: 3                          |Number of nets: 3                          
---------------------------------------------------------------------------------------
Netlists match uniquely with property errors.
sky130_fd_pr__nfet_01v8_6H9P4D_1/sky130_fd_pr__nfet_01v8:0 vs. sky130_fd_pr__nfet_01v8:M1:
 l circuit1: 0.15   circuit2: 0.8   (delta=137%, cutoff=1%)
 w circuit1: 2   circuit2: 4   (delta=66.7%, cutoff=1%)
sky130_fd_pr__nfet_01v8_6H9P4D_0/sky130_fd_pr__nfet_01v8:0 vs. sky130_fd_pr__nfet_01v8:M2:
 l circuit1: 0.15   circuit2: 0.8   (delta=137%, cutoff=1%)
 w circuit1: 2   circuit2: 4   (delta=66.7%, cutoff=1%)

Subcircuit pins:
Circuit 1: NMOS89                          |Circuit 2: NMOS89                          
-------------------------------------------|-------------------------------------------
OUT                                        |OUT                                        
D8                                         |D8                                         
GND                                        |GND                                        
---------------------------------------------------------------------------------------
Cell pin lists are equivalent.
Device classes NMOS89 and NMOS89 are equivalent.
Flattening unmatched subcell sky130_fd_pr__nfet_01v8_8UMB6F in circuit NMOS34 (0)(2 instances)
Flattening unmatched subcell sky130_fd_pr__nfet_01v8_TC9PLT in circuit NMOS34 (0)(4 instances)

Class NMOS34 (0):  Merged 4 parallel devices.
Subcircuit summary:
Circuit 1: NMOS34                          |Circuit 2: NMOS34                          
-------------------------------------------|-------------------------------------------
sky130_fd_pr__nfet_01v8 (8->4)             |sky130_fd_pr__nfet_01v8 (12->4)            
Number of devices: 4                       |Number of devices: 4                       
Number of nets: 4                          |Number of nets: 4                          
---------------------------------------------------------------------------------------
Netlists match uniquely with property errors.
sky130_fd_pr__nfet_01v8_TC9PLT_0/sky130_fd_pr__nfet_01v8:0 vs. sky130_fd_pr__nfet_01v8:M8:
 l circuit1: 0.15   circuit2: 0.8   (delta=137%, cutoff=1%)
sky130_fd_pr__nfet_01v8_TC9PLT_1/sky130_fd_pr__nfet_01v8:0 vs. sky130_fd_pr__nfet_01v8:M9:
 l circuit1: 0.15   circuit2: 0.8   (delta=137%, cutoff=1%)

Subcircuit pins:
Circuit 1: NMOS34                          |Circuit 2: NMOS34                          
-------------------------------------------|-------------------------------------------
RS                                         |RS                                         
GND                                        |GND                                        
D4                                         |D4                                         
D3                                         |D3                                         
---------------------------------------------------------------------------------------
Cell pin lists are equivalent.
Device classes NMOS34 and NMOS34 are equivalent.
Flattening unmatched subcell sky130_fd_pr__pfet_01v8_2ZH9AN in circuit PMOS125 (0)(8 instances)
Flattening unmatched subcell sky130_fd_pr__pfet_01v8_SDE6B7 in circuit PMOS125 (0)(4 instances)

Class PMOS125 (0):  Merged 9 parallel devices.
Class PMOS125 (1):  Merged 1 parallel devices.
Subcircuit summary:
Circuit 1: PMOS125                         |Circuit 2: PMOS125                         
-------------------------------------------|-------------------------------------------
sky130_fd_pr__pfet_01v8 (16->7)            |sky130_fd_pr__pfet_01v8 (16->7)            
Number of devices: 7                       |Number of devices: 7                       
Number of nets: 4                          |Number of nets: 4                          
---------------------------------------------------------------------------------------
Resolving symmetries by property value.
Resolving symmetries by pin name.
Netlists match uniquely.

Subcircuit pins:
Circuit 1: PMOS125                         |Circuit 2: PMOS125                         
-------------------------------------------|-------------------------------------------
D2                                         |D2                                         
VDD                                        |VDD                                        
D5                                         |D5                                         
D1                                         |D1                                         
---------------------------------------------------------------------------------------
Cell pin lists are equivalent.
Device classes PMOS125 and PMOS125 are equivalent.
Flattening unmatched subcell sky130_fd_pr__pfet_01v8_VQXX7L in circuit PMOS67 (0)(4 instances)
Flattening unmatched subcell sky130_fd_pr__pfet_01v8_2XUZHN in circuit PMOS67 (0)(4 instances)

Class PMOS67 (0):  Merged 8 parallel devices.
Subcircuit summary:
Circuit 1: PMOS67                          |Circuit 2: PMOS67                          
-------------------------------------------|-------------------------------------------
sky130_fd_pr__pfet_01v8 (12->4)            |sky130_fd_pr__pfet_01v8 (16->4)            
Number of devices: 4                       |Number of devices: 4                       
Number of nets: 6                          |Number of nets: 6                          
---------------------------------------------------------------------------------------
Resolving symmetries by property value.
Resolving symmetries by pin name.
Netlists match uniquely with property errors.
sky130_fd_pr__pfet_01v8_2XUZHN_1/sky130_fd_pr__pfet_01v8:0 vs. sky130_fd_pr__pfet_01v8:M1:
 l circuit1: 0.15   circuit2: 0.5   (delta=108%, cutoff=1%)
 w circuit1: 2   circuit2: 4   (delta=66.7%, cutoff=1%)
sky130_fd_pr__pfet_01v8_2XUZHN_0/sky130_fd_pr__pfet_01v8:0 vs. sky130_fd_pr__pfet_01v8:M2:
 l circuit1: 0.15   circuit2: 0.5   (delta=108%, cutoff=1%)
 w circuit1: 2   circuit2: 4   (delta=66.7%, cutoff=1%)

Subcircuit pins:
Circuit 1: PMOS67                          |Circuit 2: PMOS67                          
-------------------------------------------|-------------------------------------------
VIN                                        |VIN                                        
VIP                                        |VIP                                        
S                                          |S                                          
VDD                                        |VDD                                        
OUT                                        |OUT                                        
D6                                         |D6                                         
---------------------------------------------------------------------------------------
Cell pin lists are equivalent.
Device classes PMOS67 and PMOS67 are equivalent.

Subcircuit summary:
Circuit 1: OpAmp                           |Circuit 2: OpAmp                           
-------------------------------------------|-------------------------------------------
NMOS89 (1)                                 |NMOS89 (1)                                 
NMOS34 (1)                                 |NMOS34 (1)                                 
PMOS125 (1)                                |PMOS125 (1)                                
PMOS67 (1)                                 |PMOS67 (1)                                 
Number of devices: 4                       |Number of devices: 4                       
Number of nets: 10                         |Number of nets: 10                         
---------------------------------------------------------------------------------------
Netlists match uniquely.

Subcircuit pins:
Circuit 1: OpAmp                           |Circuit 2: OpAmp                           
-------------------------------------------|-------------------------------------------
RS                                         |RS                                         
VIN                                        |VIN                                        
VIP                                        |VIP                                        
GND                                        |GND                                        
OUT                                        |OUT                                        
VDD                                        |VDD                                        
---------------------------------------------------------------------------------------
Cell pin lists are equivalent.
Device classes OpAmp and OpAmp are equivalent.

Final result: Circuits match uniquely.
.

The following cells had property errors:
 NMOS89
 NMOS34
 PMOS67
